<?xml version="1.0" encoding="UTF-8"?>
<!-- Generated by org.testng.reporters.JUnitReportReporter -->
<testsuite skipped="0" hostname="DESKTOP-0LA27F3" name="DragAndDropHandling" tests="1" failures="0" timestamp="10 Aug 2019 16:44:53 GMT" time="10.764" errors="0">
  <testcase name="sampleElement" time="10.764" classname="DragAndDropHandling"/>
</testsuite> <!-- DragAndDropHandling -->
